<?xml version="1.0" encoding="UTF-8"?>
<!-- Generated by org.testng.reporters.JUnitXMLReporter -->
<testsuite ignored="0" hostname="LAPTOP-PSA0VANR" failures="2" tests="2" name="Test" time="37.04" errors="0" timestamp="2020-05-28T21:34:38 EDT">
  <testcase classname="test.TestSuite1" name="login" time="20.697">
    <failure type="java.lang.AssertionError" message="expected [invalid login or password] but found [Invalid login or password.]">
      <![CDATA[java.lang.AssertionError: expected [invalid login or password] but found [Invalid login or password.]
at test.TestSuite1.login(TestSuite1.java:28)
at java.base/java.util.ArrayList.forEach(ArrayList.java:1507)
... Removed 36 stack frames]]>
    </failure>
  </testcase> <!-- login -->
  <testcase classname="test.TestSuite1" name="loginTest" time="16.285">
    <failure type="java.lang.AssertionError" message="expected [invalid login or password] but found [Invalid login or password.]">
      <![CDATA[java.lang.AssertionError: expected [invalid login or password] but found [Invalid login or password.]
at test.TestSuite1.loginTest(TestSuite1.java:47)
at java.base/java.util.ArrayList.forEach(ArrayList.java:1507)
... Removed 36 stack frames]]>
    </failure>
  </testcase> <!-- loginTest -->
</testsuite> <!-- Test -->
